<?xml version="1.0" encoding="UTF-8"?>
<!-- Generated by org.testng.reporters.JUnitReportReporter -->
<testsuite hostname="DESKTOP-Q91MPT1" name="testscripts.Login" tests="1" failures="0" timestamp="5 Mar 2018 14:04:29 GMT" time="1.522" errors="0">
  <testcase name="login" time="1.522" classname="testscripts.Login"/>
</testsuite> <!-- testscripts.Login -->
