<?xml version="1.0" encoding="UTF-8"?>
<!-- Generated by org.testng.reporters.JUnitReportReporter -->
<testsuite hostname="DESKTOP-Q91MPT1" name="wrapper.Commonfunc" tests="1" failures="0" timestamp="5 Mar 2018 13:29:43 GMT" time="19.495" errors="0">
  <testcase name="addcustomer" time="19.495" classname="wrapper.Commonfunc"/>
</testsuite> <!-- wrapper.Commonfunc -->
